<?xml version="1.0" encoding="UTF-8"?>
<coverage generated="1694263096756" clover="3.2.0">
  <project timestamp="1694263096756" name="All files">
    <metrics statements="93" coveredstatements="88" conditionals="52" coveredconditionals="45" methods="16" coveredmethods="16" elements="161" coveredelements="149" complexity="0" loc="93" ncloc="93" packages="1" files="1" classes="1"/>
    <file name="HtmlParser.js" path="/Users/yinglian/webproject/mini-js/state/HtmlParser.js">
      <metrics statements="93" coveredstatements="88" conditionals="52" coveredconditionals="45" methods="16" coveredmethods="16"/>
      <line num="1" count="1" type="stmt"/>
      <line num="2" count="1" type="stmt"/>
      <line num="5" count="13" type="stmt"/>
      <line num="6" count="13" type="stmt"/>
      <line num="11" count="13" type="stmt"/>
      <line num="12" count="13" type="stmt"/>
      <line num="14" count="13" type="stmt"/>
      <line num="17" count="42" type="stmt"/>
      <line num="23" count="46" type="cond" truecount="2" falsecount="0"/>
      <line num="24" count="24" type="stmt"/>
      <line num="29" count="24" type="stmt"/>
      <line num="32" count="22" type="stmt"/>
      <line num="36" count="22" type="stmt"/>
      <line num="41" count="24" type="cond" truecount="2" falsecount="0"/>
      <line num="42" count="16" type="stmt"/>
      <line num="43" count="16" type="stmt"/>
      <line num="44" count="8" type="cond" truecount="1" falsecount="1"/>
      <line num="45" count="8" type="stmt"/>
      <line num="47" count="8" type="stmt"/>
      <line num="52" count="54" type="cond" truecount="2" falsecount="0"/>
      <line num="53" count="38" type="stmt"/>
      <line num="54" count="38" type="stmt"/>
      <line num="55" count="16" type="cond" truecount="4" falsecount="0"/>
      <line num="56" count="10" type="stmt"/>
      <line num="57" count="6" type="cond" truecount="2" falsecount="0"/>
      <line num="58" count="5" type="stmt"/>
      <line num="59" count="5" type="stmt"/>
      <line num="61" count="1" type="stmt"/>
      <line num="66" count="22" type="cond" truecount="2" falsecount="0"/>
      <line num="67" count="8" type="stmt"/>
      <line num="68" count="8" type="stmt"/>
      <line num="69" count="14" type="cond" truecount="4" falsecount="0"/>
      <line num="70" count="8" type="stmt"/>
      <line num="71" count="8" type="stmt"/>
      <line num="72" count="8" type="stmt"/>
      <line num="73" count="6" type="cond" truecount="2" falsecount="0"/>
      <line num="75" count="4" type="stmt"/>
      <line num="76" count="4" type="stmt"/>
      <line num="77" count="2" type="cond" truecount="2" falsecount="0"/>
      <line num="78" count="1" type="stmt"/>
      <line num="79" count="1" type="stmt"/>
      <line num="80" count="1" type="stmt"/>
      <line num="82" count="1" type="stmt"/>
      <line num="86" count="4" type="cond" truecount="2" falsecount="0"/>
      <line num="87" count="3" type="stmt"/>
      <line num="88" count="3" type="stmt"/>
      <line num="89" count="3" type="stmt"/>
      <line num="91" count="1" type="stmt"/>
      <line num="96" count="31" type="cond" truecount="2" falsecount="0"/>
      <line num="97" count="8" type="stmt"/>
      <line num="98" count="8" type="stmt"/>
      <line num="99" count="23" type="cond" truecount="1" falsecount="1"/>
      <line num="100" count="23" type="stmt"/>
      <line num="101" count="23" type="stmt"/>
      <line num="103" count="0" type="stmt"/>
      <line num="108" count="40" type="cond" truecount="2" falsecount="0"/>
      <line num="109" count="32" type="stmt"/>
      <line num="110" count="32" type="stmt"/>
      <line num="111" count="8" type="cond" truecount="1" falsecount="1"/>
      <line num="112" count="8" type="stmt"/>
      <line num="116" count="8" type="cond" truecount="2" falsecount="0"/>
      <line num="117" count="5" type="stmt"/>
      <line num="118" count="3" type="cond" truecount="1" falsecount="1"/>
      <line num="119" count="3" type="stmt"/>
      <line num="121" count="0" type="stmt"/>
      <line num="125" count="40" type="cond" truecount="2" falsecount="0"/>
      <line num="126" count="35" type="stmt"/>
      <line num="127" count="35" type="stmt"/>
      <line num="128" count="5" type="cond" truecount="1" falsecount="1"/>
      <line num="129" count="5" type="stmt"/>
      <line num="130" count="5" type="stmt"/>
      <line num="132" count="0" type="stmt"/>
      <line num="136" count="19" type="cond" truecount="2" falsecount="0"/>
      <line num="137" count="16" type="stmt"/>
      <line num="138" count="16" type="stmt"/>
      <line num="139" count="3" type="cond" truecount="2" falsecount="0"/>
      <line num="140" count="2" type="stmt"/>
      <line num="141" count="2" type="stmt"/>
      <line num="143" count="1" type="stmt"/>
      <line num="147" count="7" type="cond" truecount="2" falsecount="0"/>
      <line num="148" count="4" type="stmt"/>
      <line num="149" count="3" type="cond" truecount="1" falsecount="1"/>
      <line num="150" count="3" type="stmt"/>
      <line num="151" count="3" type="stmt"/>
      <line num="153" count="0" type="stmt"/>
      <line num="157" count="32" type="stmt"/>
      <line num="159" count="13" type="stmt"/>
      <line num="162" count="13" type="stmt"/>
      <line num="165" count="311" type="stmt"/>
      <line num="166" count="311" type="cond" truecount="1" falsecount="1"/>
      <line num="167" count="0" type="stmt"/>
      <line num="172" count="13" type="stmt"/>
      <line num="175" count="1" type="stmt"/>
    </file>
  </project>
</coverage>
