{"/Users/yinglian/webproject/mini-js/state/HtmlParser.js": {"path":"/Users/yinglian/webproject/mini-js/state/HtmlParser.js","statementMap":{"0":{"start":{"line":1,"column":18},"end":{"line":1,"column":41}},"1":{"start":{"line":2,"column":19},"end":{"line":2,"column":41}},"2":{"start":{"line":5,"column":4},"end":{"line":5,"column":12}},"3":{"start":{"line":6,"column":23},"end":{"line":10,"column":5}},"4":{"start":{"line":11,"column":25},"end":{"line":11,"column":27}},"5":{"start":{"line":12,"column":27},"end":{"line":12,"column":29}},"6":{"start":{"line":14,"column":18},"end":{"line":14,"column":22}},"7":{"start":{"line":17,"column":6},"end":{"line":17,"column":26}},"8":{"start":{"line":23,"column":6},"end":{"line":37,"column":7}},"9":{"start":{"line":24,"column":8},"end":{"line":28,"column":10}},"10":{"start":{"line":29,"column":8},"end":{"line":29,"column":23}},"11":{"start":{"line":32,"column":8},"end":{"line":35,"column":11}},"12":{"start":{"line":36,"column":8},"end":{"line":36,"column":21}},"13":{"start":{"line":41,"column":6},"end":{"line":48,"column":7}},"14":{"start":{"line":42,"column":8},"end":{"line":42,"column":38}},"15":{"start":{"line":43,"column":8},"end":{"line":43,"column":29}},"16":{"start":{"line":44,"column":13},"end":{"line":48,"column":7}},"17":{"start":{"line":45,"column":8},"end":{"line":45,"column":39}},"18":{"start":{"line":47,"column":8},"end":{"line":47,"column":24}},"19":{"start":{"line":52,"column":6},"end":{"line":62,"column":7}},"20":{"start":{"line":53,"column":8},"end":{"line":53,"column":37}},"21":{"start":{"line":54,"column":8},"end":{"line":54,"column":23}},"22":{"start":{"line":55,"column":13},"end":{"line":62,"column":7}},"23":{"start":{"line":56,"column":8},"end":{"line":56,"column":31}},"24":{"start":{"line":57,"column":12},"end":{"line":62,"column":7}},"25":{"start":{"line":58,"column":8},"end":{"line":58,"column":27}},"26":{"start":{"line":59,"column":8},"end":{"line":59,"column":21}},"27":{"start":{"line":61,"column":8},"end":{"line":61,"column":21}},"28":{"start":{"line":66,"column":6},"end":{"line":83,"column":7}},"29":{"start":{"line":67,"column":8},"end":{"line":67,"column":31}},"30":{"start":{"line":68,"column":8},"end":{"line":68,"column":30}},"31":{"start":{"line":69,"column":13},"end":{"line":83,"column":7}},"32":{"start":{"line":70,"column":8},"end":{"line":70,"column":28}},"33":{"start":{"line":71,"column":8},"end":{"line":71,"column":30}},"34":{"start":{"line":72,"column":8},"end":{"line":72,"column":31}},"35":{"start":{"line":73,"column":13},"end":{"line":83,"column":7}},"36":{"start":{"line":75,"column":8},"end":{"line":75,"column":46}},"37":{"start":{"line":76,"column":8},"end":{"line":76,"column":28}},"38":{"start":{"line":77,"column":13},"end":{"line":83,"column":7}},"39":{"start":{"line":78,"column":8},"end":{"line":78,"column":37}},"40":{"start":{"line":79,"column":8},"end":{"line":79,"column":27}},"41":{"start":{"line":80,"column":8},"end":{"line":80,"column":21}},"42":{"start":{"line":82,"column":8},"end":{"line":82,"column":21}},"43":{"start":{"line":86,"column":6},"end":{"line":92,"column":7}},"44":{"start":{"line":87,"column":8},"end":{"line":87,"column":46}},"45":{"start":{"line":88,"column":8},"end":{"line":88,"column":27}},"46":{"start":{"line":89,"column":8},"end":{"line":89,"column":21}},"47":{"start":{"line":91,"column":8},"end":{"line":91,"column":21}},"48":{"start":{"line":96,"column":6},"end":{"line":104,"column":7}},"49":{"start":{"line":97,"column":8},"end":{"line":97,"column":27}},"50":{"start":{"line":98,"column":8},"end":{"line":98,"column":21}},"51":{"start":{"line":99,"column":13},"end":{"line":104,"column":7}},"52":{"start":{"line":100,"column":8},"end":{"line":100,"column":37}},"53":{"start":{"line":101,"column":8},"end":{"line":101,"column":24}},"54":{"start":{"line":103,"column":8},"end":{"line":103,"column":21}},"55":{"start":{"line":108,"column":6},"end":{"line":113,"column":7}},"56":{"start":{"line":109,"column":8},"end":{"line":109,"column":31}},"57":{"start":{"line":110,"column":8},"end":{"line":110,"column":30}},"58":{"start":{"line":111,"column":13},"end":{"line":113,"column":7}},"59":{"start":{"line":112,"column":8},"end":{"line":112,"column":37}},"60":{"start":{"line":116,"column":6},"end":{"line":122,"column":7}},"61":{"start":{"line":117,"column":8},"end":{"line":117,"column":28}},"62":{"start":{"line":118,"column":13},"end":{"line":122,"column":7}},"63":{"start":{"line":119,"column":8},"end":{"line":119,"column":28}},"64":{"start":{"line":121,"column":8},"end":{"line":121,"column":21}},"65":{"start":{"line":125,"column":6},"end":{"line":133,"column":7}},"66":{"start":{"line":126,"column":8},"end":{"line":126,"column":33}},"67":{"start":{"line":127,"column":8},"end":{"line":127,"column":28}},"68":{"start":{"line":128,"column":13},"end":{"line":133,"column":7}},"69":{"start":{"line":129,"column":8},"end":{"line":129,"column":65}},"70":{"start":{"line":130,"column":8},"end":{"line":130,"column":26}},"71":{"start":{"line":132,"column":8},"end":{"line":132,"column":21}},"72":{"start":{"line":136,"column":6},"end":{"line":144,"column":7}},"73":{"start":{"line":137,"column":8},"end":{"line":137,"column":33}},"74":{"start":{"line":138,"column":8},"end":{"line":138,"column":28}},"75":{"start":{"line":139,"column":13},"end":{"line":144,"column":7}},"76":{"start":{"line":140,"column":8},"end":{"line":140,"column":67}},"77":{"start":{"line":141,"column":8},"end":{"line":141,"column":26}},"78":{"start":{"line":143,"column":8},"end":{"line":143,"column":21}},"79":{"start":{"line":147,"column":6},"end":{"line":154,"column":7}},"80":{"start":{"line":148,"column":8},"end":{"line":148,"column":31}},"81":{"start":{"line":149,"column":13},"end":{"line":154,"column":7}},"82":{"start":{"line":150,"column":8},"end":{"line":150,"column":27}},"83":{"start":{"line":151,"column":8},"end":{"line":151,"column":21}},"84":{"start":{"line":153,"column":8},"end":{"line":153,"column":21}},"85":{"start":{"line":157,"column":6},"end":{"line":157,"column":19}},"86":{"start":{"line":159,"column":4},"end":{"line":159,"column":23}},"87":{"start":{"line":162,"column":4},"end":{"line":169,"column":5}},"88":{"start":{"line":165,"column":6},"end":{"line":165,"column":36}},"89":{"start":{"line":166,"column":6},"end":{"line":168,"column":7}},"90":{"start":{"line":167,"column":8},"end":{"line":167,"column":38}},"91":{"start":{"line":172,"column":4},"end":{"line":172,"column":21}},"92":{"start":{"line":175,"column":0},"end":{"line":177,"column":2}}},"fnMap":{"0":{"name":"(anonymous_0)","decl":{"start":{"line":4,"column":2},"end":{"line":4,"column":3}},"loc":{"start":{"line":4,"column":16},"end":{"line":160,"column":3}},"line":4},"1":{"name":"emit","decl":{"start":{"line":15,"column":13},"end":{"line":15,"column":17}},"loc":{"start":{"line":15,"column":25},"end":{"line":21,"column":5}},"line":15},"2":{"name":"start","decl":{"start":{"line":22,"column":13},"end":{"line":22,"column":18}},"loc":{"start":{"line":22,"column":25},"end":{"line":38,"column":5}},"line":22},"3":{"name":"openTag","decl":{"start":{"line":40,"column":13},"end":{"line":40,"column":20}},"loc":{"start":{"line":40,"column":27},"end":{"line":49,"column":5}},"line":40},"4":{"name":"tagName","decl":{"start":{"line":51,"column":13},"end":{"line":51,"column":20}},"loc":{"start":{"line":51,"column":27},"end":{"line":63,"column":5}},"line":51},"5":{"name":"beforeAttribute","decl":{"start":{"line":65,"column":13},"end":{"line":65,"column":28}},"loc":{"start":{"line":65,"column":35},"end":{"line":84,"column":5}},"line":65},"6":{"name":"selfCLoseTag","decl":{"start":{"line":85,"column":13},"end":{"line":85,"column":25}},"loc":{"start":{"line":85,"column":32},"end":{"line":93,"column":5}},"line":85},"7":{"name":"closeTag","decl":{"start":{"line":95,"column":13},"end":{"line":95,"column":21}},"loc":{"start":{"line":95,"column":28},"end":{"line":105,"column":5}},"line":95},"8":{"name":"attributesName","decl":{"start":{"line":107,"column":13},"end":{"line":107,"column":27}},"loc":{"start":{"line":107,"column":34},"end":{"line":114,"column":5}},"line":107},"9":{"name":"beforeAttributesValue","decl":{"start":{"line":115,"column":13},"end":{"line":115,"column":34}},"loc":{"start":{"line":115,"column":41},"end":{"line":123,"column":5}},"line":115},"10":{"name":"doubleQuoted","decl":{"start":{"line":124,"column":13},"end":{"line":124,"column":25}},"loc":{"start":{"line":124,"column":32},"end":{"line":134,"column":5}},"line":124},"11":{"name":"singleQuoted","decl":{"start":{"line":135,"column":13},"end":{"line":135,"column":25}},"loc":{"start":{"line":135,"column":32},"end":{"line":145,"column":5}},"line":135},"12":{"name":"afterValue","decl":{"start":{"line":146,"column":13},"end":{"line":146,"column":23}},"loc":{"start":{"line":146,"column":30},"end":{"line":155,"column":5}},"line":146},"13":{"name":"error","decl":{"start":{"line":156,"column":13},"end":{"line":156,"column":18}},"loc":{"start":{"line":156,"column":25},"end":{"line":158,"column":5}},"line":156},"14":{"name":"(anonymous_14)","decl":{"start":{"line":161,"column":2},"end":{"line":161,"column":3}},"loc":{"start":{"line":161,"column":14},"end":{"line":170,"column":3}},"line":161},"15":{"name":"(anonymous_15)","decl":{"start":{"line":171,"column":2},"end":{"line":171,"column":3}},"loc":{"start":{"line":171,"column":8},"end":{"line":173,"column":3}},"line":171}},"branchMap":{"0":{"loc":{"start":{"line":23,"column":6},"end":{"line":37,"column":7}},"type":"if","locations":[{"start":{"line":23,"column":6},"end":{"line":37,"column":7}},{"start":{"line":30,"column":13},"end":{"line":37,"column":7}}],"line":23},"1":{"loc":{"start":{"line":41,"column":6},"end":{"line":48,"column":7}},"type":"if","locations":[{"start":{"line":41,"column":6},"end":{"line":48,"column":7}},{"start":{"line":44,"column":13},"end":{"line":48,"column":7}}],"line":41},"2":{"loc":{"start":{"line":44,"column":13},"end":{"line":48,"column":7}},"type":"if","locations":[{"start":{"line":44,"column":13},"end":{"line":48,"column":7}},{"start":{},"end":{}}],"line":44},"3":{"loc":{"start":{"line":52,"column":6},"end":{"line":62,"column":7}},"type":"if","locations":[{"start":{"line":52,"column":6},"end":{"line":62,"column":7}},{"start":{"line":55,"column":13},"end":{"line":62,"column":7}}],"line":52},"4":{"loc":{"start":{"line":55,"column":13},"end":{"line":62,"column":7}},"type":"if","locations":[{"start":{"line":55,"column":13},"end":{"line":62,"column":7}},{"start":{"line":57,"column":12},"end":{"line":62,"column":7}}],"line":55},"5":{"loc":{"start":{"line":55,"column":17},"end":{"line":55,"column":46}},"type":"binary-expr","locations":[{"start":{"line":55,"column":17},"end":{"line":55,"column":29}},{"start":{"line":55,"column":33},"end":{"line":55,"column":46}}],"line":55},"6":{"loc":{"start":{"line":57,"column":12},"end":{"line":62,"column":7}},"type":"if","locations":[{"start":{"line":57,"column":12},"end":{"line":62,"column":7}},{"start":{"line":60,"column":13},"end":{"line":62,"column":7}}],"line":57},"7":{"loc":{"start":{"line":66,"column":6},"end":{"line":83,"column":7}},"type":"if","locations":[{"start":{"line":66,"column":6},"end":{"line":83,"column":7}},{"start":{"line":69,"column":13},"end":{"line":83,"column":7}}],"line":66},"8":{"loc":{"start":{"line":69,"column":13},"end":{"line":83,"column":7}},"type":"if","locations":[{"start":{"line":69,"column":13},"end":{"line":83,"column":7}},{"start":{"line":73,"column":13},"end":{"line":83,"column":7}}],"line":69},"9":{"loc":{"start":{"line":69,"column":17},"end":{"line":69,"column":46}},"type":"binary-expr","locations":[{"start":{"line":69,"column":17},"end":{"line":69,"column":29}},{"start":{"line":69,"column":33},"end":{"line":69,"column":46}}],"line":69},"10":{"loc":{"start":{"line":73,"column":13},"end":{"line":83,"column":7}},"type":"if","locations":[{"start":{"line":73,"column":13},"end":{"line":83,"column":7}},{"start":{"line":77,"column":13},"end":{"line":83,"column":7}}],"line":73},"11":{"loc":{"start":{"line":77,"column":13},"end":{"line":83,"column":7}},"type":"if","locations":[{"start":{"line":77,"column":13},"end":{"line":83,"column":7}},{"start":{"line":81,"column":13},"end":{"line":83,"column":7}}],"line":77},"12":{"loc":{"start":{"line":86,"column":6},"end":{"line":92,"column":7}},"type":"if","locations":[{"start":{"line":86,"column":6},"end":{"line":92,"column":7}},{"start":{"line":90,"column":13},"end":{"line":92,"column":7}}],"line":86},"13":{"loc":{"start":{"line":96,"column":6},"end":{"line":104,"column":7}},"type":"if","locations":[{"start":{"line":96,"column":6},"end":{"line":104,"column":7}},{"start":{"line":99,"column":13},"end":{"line":104,"column":7}}],"line":96},"14":{"loc":{"start":{"line":99,"column":13},"end":{"line":104,"column":7}},"type":"if","locations":[{"start":{"line":99,"column":13},"end":{"line":104,"column":7}},{"start":{"line":102,"column":13},"end":{"line":104,"column":7}}],"line":99},"15":{"loc":{"start":{"line":108,"column":6},"end":{"line":113,"column":7}},"type":"if","locations":[{"start":{"line":108,"column":6},"end":{"line":113,"column":7}},{"start":{"line":111,"column":13},"end":{"line":113,"column":7}}],"line":108},"16":{"loc":{"start":{"line":111,"column":13},"end":{"line":113,"column":7}},"type":"if","locations":[{"start":{"line":111,"column":13},"end":{"line":113,"column":7}},{"start":{},"end":{}}],"line":111},"17":{"loc":{"start":{"line":116,"column":6},"end":{"line":122,"column":7}},"type":"if","locations":[{"start":{"line":116,"column":6},"end":{"line":122,"column":7}},{"start":{"line":118,"column":13},"end":{"line":122,"column":7}}],"line":116},"18":{"loc":{"start":{"line":118,"column":13},"end":{"line":122,"column":7}},"type":"if","locations":[{"start":{"line":118,"column":13},"end":{"line":122,"column":7}},{"start":{"line":120,"column":13},"end":{"line":122,"column":7}}],"line":118},"19":{"loc":{"start":{"line":125,"column":6},"end":{"line":133,"column":7}},"type":"if","locations":[{"start":{"line":125,"column":6},"end":{"line":133,"column":7}},{"start":{"line":128,"column":13},"end":{"line":133,"column":7}}],"line":125},"20":{"loc":{"start":{"line":128,"column":13},"end":{"line":133,"column":7}},"type":"if","locations":[{"start":{"line":128,"column":13},"end":{"line":133,"column":7}},{"start":{"line":131,"column":13},"end":{"line":133,"column":7}}],"line":128},"21":{"loc":{"start":{"line":136,"column":6},"end":{"line":144,"column":7}},"type":"if","locations":[{"start":{"line":136,"column":6},"end":{"line":144,"column":7}},{"start":{"line":139,"column":13},"end":{"line":144,"column":7}}],"line":136},"22":{"loc":{"start":{"line":139,"column":13},"end":{"line":144,"column":7}},"type":"if","locations":[{"start":{"line":139,"column":13},"end":{"line":144,"column":7}},{"start":{"line":142,"column":13},"end":{"line":144,"column":7}}],"line":139},"23":{"loc":{"start":{"line":147,"column":6},"end":{"line":154,"column":7}},"type":"if","locations":[{"start":{"line":147,"column":6},"end":{"line":154,"column":7}},{"start":{"line":149,"column":13},"end":{"line":154,"column":7}}],"line":147},"24":{"loc":{"start":{"line":149,"column":13},"end":{"line":154,"column":7}},"type":"if","locations":[{"start":{"line":149,"column":13},"end":{"line":154,"column":7}},{"start":{"line":152,"column":13},"end":{"line":154,"column":7}}],"line":149},"25":{"loc":{"start":{"line":166,"column":6},"end":{"line":168,"column":7}},"type":"if","locations":[{"start":{"line":166,"column":6},"end":{"line":168,"column":7}},{"start":{},"end":{}}],"line":166}},"s":{"0":1,"1":1,"2":13,"3":13,"4":13,"5":13,"6":13,"7":42,"8":46,"9":24,"10":24,"11":22,"12":22,"13":24,"14":16,"15":16,"16":8,"17":8,"18":8,"19":54,"20":38,"21":38,"22":16,"23":10,"24":6,"25":5,"26":5,"27":1,"28":22,"29":8,"30":8,"31":14,"32":8,"33":8,"34":8,"35":6,"36":4,"37":4,"38":2,"39":1,"40":1,"41":1,"42":1,"43":4,"44":3,"45":3,"46":3,"47":1,"48":31,"49":8,"50":8,"51":23,"52":23,"53":23,"54":0,"55":40,"56":32,"57":32,"58":8,"59":8,"60":8,"61":5,"62":3,"63":3,"64":0,"65":40,"66":35,"67":35,"68":5,"69":5,"70":5,"71":0,"72":19,"73":16,"74":16,"75":3,"76":2,"77":2,"78":1,"79":7,"80":4,"81":3,"82":3,"83":3,"84":0,"85":32,"86":13,"87":13,"88":311,"89":311,"90":0,"91":13,"92":1},"f":{"0":13,"1":42,"2":46,"3":24,"4":54,"5":22,"6":4,"7":31,"8":40,"9":8,"10":40,"11":19,"12":7,"13":32,"14":13,"15":13},"b":{"0":[24,22],"1":[16,8],"2":[8,0],"3":[38,16],"4":[10,6],"5":[16,6],"6":[5,1],"7":[8,14],"8":[8,6],"9":[14,6],"10":[4,2],"11":[1,1],"12":[3,1],"13":[8,23],"14":[23,0],"15":[32,8],"16":[8,0],"17":[5,3],"18":[3,0],"19":[35,5],"20":[5,0],"21":[16,3],"22":[2,1],"23":[4,3],"24":[3,0],"25":[0,311]},"_coverageSchema":"1a1c01bbd47fc00a2c39e90264f33305004495a9","hash":"20abf4a0695b5016bc8df22064d61936f0d135f2"}
}
