TN:
SF:state/HtmlParser.js
FN:4,(anonymous_0)
FN:15,emit
FN:22,start
FN:40,openTag
FN:51,tagName
FN:65,beforeAttribute
FN:85,selfCLoseTag
FN:95,closeTag
FN:107,attributesName
FN:115,beforeAttributesValue
FN:124,doubleQuoted
FN:135,singleQuoted
FN:146,afterValue
FN:156,error
FN:161,(anonymous_14)
FN:171,(anonymous_15)
FNF:16
FNH:16
FNDA:13,(anonymous_0)
FNDA:42,emit
FNDA:46,start
FNDA:24,openTag
FNDA:54,tagName
FNDA:22,beforeAttribute
FNDA:4,selfCLoseTag
FNDA:31,closeTag
FNDA:40,attributesName
FNDA:8,beforeAttributesValue
FNDA:40,doubleQuoted
FNDA:19,singleQuoted
FNDA:7,afterValue
FNDA:32,error
FNDA:13,(anonymous_14)
FNDA:13,(anonymous_15)
DA:1,1
DA:2,1
DA:5,13
DA:6,13
DA:11,13
DA:12,13
DA:14,13
DA:17,42
DA:23,46
DA:24,24
DA:29,24
DA:32,22
DA:36,22
DA:41,24
DA:42,16
DA:43,16
DA:44,8
DA:45,8
DA:47,8
DA:52,54
DA:53,38
DA:54,38
DA:55,16
DA:56,10
DA:57,6
DA:58,5
DA:59,5
DA:61,1
DA:66,22
DA:67,8
DA:68,8
DA:69,14
DA:70,8
DA:71,8
DA:72,8
DA:73,6
DA:75,4
DA:76,4
DA:77,2
DA:78,1
DA:79,1
DA:80,1
DA:82,1
DA:86,4
DA:87,3
DA:88,3
DA:89,3
DA:91,1
DA:96,31
DA:97,8
DA:98,8
DA:99,23
DA:100,23
DA:101,23
DA:103,0
DA:108,40
DA:109,32
DA:110,32
DA:111,8
DA:112,8
DA:116,8
DA:117,5
DA:118,3
DA:119,3
DA:121,0
DA:125,40
DA:126,35
DA:127,35
DA:128,5
DA:129,5
DA:130,5
DA:132,0
DA:136,19
DA:137,16
DA:138,16
DA:139,3
DA:140,2
DA:141,2
DA:143,1
DA:147,7
DA:148,4
DA:149,3
DA:150,3
DA:151,3
DA:153,0
DA:157,32
DA:159,13
DA:162,13
DA:165,311
DA:166,311
DA:167,0
DA:172,13
DA:175,1
LF:93
LH:88
BRDA:23,0,0,24
BRDA:23,0,1,22
BRDA:41,1,0,16
BRDA:41,1,1,8
BRDA:44,2,0,8
BRDA:44,2,1,0
BRDA:52,3,0,38
BRDA:52,3,1,16
BRDA:55,4,0,10
BRDA:55,4,1,6
BRDA:55,5,0,16
BRDA:55,5,1,6
BRDA:57,6,0,5
BRDA:57,6,1,1
BRDA:66,7,0,8
BRDA:66,7,1,14
BRDA:69,8,0,8
BRDA:69,8,1,6
BRDA:69,9,0,14
BRDA:69,9,1,6
BRDA:73,10,0,4
BRDA:73,10,1,2
BRDA:77,11,0,1
BRDA:77,11,1,1
BRDA:86,12,0,3
BRDA:86,12,1,1
BRDA:96,13,0,8
BRDA:96,13,1,23
BRDA:99,14,0,23
BRDA:99,14,1,0
BRDA:108,15,0,32
BRDA:108,15,1,8
BRDA:111,16,0,8
BRDA:111,16,1,0
BRDA:116,17,0,5
BRDA:116,17,1,3
BRDA:118,18,0,3
BRDA:118,18,1,0
BRDA:125,19,0,35
BRDA:125,19,1,5
BRDA:128,20,0,5
BRDA:128,20,1,0
BRDA:136,21,0,16
BRDA:136,21,1,3
BRDA:139,22,0,2
BRDA:139,22,1,1
BRDA:147,23,0,4
BRDA:147,23,1,3
BRDA:149,24,0,3
BRDA:149,24,1,0
BRDA:166,25,0,0
BRDA:166,25,1,311
BRF:52
BRH:45
end_of_record
